e:\works\mfc\webbrowser\webbrowser\webbrowser\debug\vc140.pdb
e:\works\mfc\webbrowser\webbrowser\webbrowser\debug\vc140.idb
e:\works\mfc\webbrowser\webbrowser\webbrowser\debug\library.obj
e:\works\mfc\webbrowser\webbrowser\webbrowser\debug\webbrowser.obj
e:\works\mfc\webbrowser\webbrowser\webbrowser\debug\main.obj
e:\works\mfc\webbrowser\webbrowser\webbrowser\debug\serialctrl.obj
e:\works\mfc\webbrowser\webbrowser\debug\webbrowser.ilk
e:\works\mfc\webbrowser\webbrowser\debug\webbrowser.exe
e:\works\mfc\webbrowser\webbrowser\debug\webbrowser.pdb
e:\works\mfc\webbrowser\webbrowser\webbrowser\debug\webbrowser.exe.embed.manifest.res
e:\works\mfc\webbrowser\webbrowser\webbrowser\debug\res.res
e:\works\mfc\webbrowser\webbrowser\webbrowser\debug\webbrowser.exe.embed.manifest
e:\works\mfc\webbrowser\webbrowser\webbrowser\debug\webbrowser_manifest.rc
e:\works\mfc\webbrowser\webbrowser\webbrowser\debug\webbrowser.tlog\cl.command.1.tlog
e:\works\mfc\webbrowser\webbrowser\webbrowser\debug\webbrowser.tlog\cl.read.1.tlog
e:\works\mfc\webbrowser\webbrowser\webbrowser\debug\webbrowser.tlog\cl.write.1.tlog
e:\works\mfc\webbrowser\webbrowser\webbrowser\debug\webbrowser.tlog\link.command.1.tlog
e:\works\mfc\webbrowser\webbrowser\webbrowser\debug\webbrowser.tlog\link.read.1.tlog
e:\works\mfc\webbrowser\webbrowser\webbrowser\debug\webbrowser.tlog\link.write.1.tlog
e:\works\mfc\webbrowser\webbrowser\webbrowser\debug\webbrowser.tlog\rc.command.1.tlog
e:\works\mfc\webbrowser\webbrowser\webbrowser\debug\webbrowser.tlog\rc.read.1.tlog
e:\works\mfc\webbrowser\webbrowser\webbrowser\debug\webbrowser.tlog\rc.write.1.tlog
